[     291ms] TypeError: Cannot read properties of undefined (reading 'getSettings')
    at http://localhost:5173/settings/src/hooks/useSettings.ts:7:24
    at Object.react_stack_bottom_frame (http://localhost:5173/@fs/Users/jonas/git/context-ai/node_modules/.vite/deps/react-dom_client.js?v=b9d000b9:18567:20)
    at runWithFiberInDEV (http://localhost:5173/@fs/Users/jonas/git/context-ai/node_modules/.vite/deps/react-dom_client.js?v=b9d000b9:997:72)
    at commitHookEffectListMount (http://localhost:5173/@fs/Users/jonas/git/context-ai/node_modules/.vite/deps/react-dom_client.js?v=b9d000b9:9411:163)
    at commitHookPassiveMountEffects (http://localhost:5173/@fs/Users/jonas/git/context-ai/node_modules/.vite/deps/react-dom_client.js?v=b9d000b9:9465:60)
    at commitPassiveMountOnFiber (http://localhost:5173/@fs/Users/jonas/git/context-ai/node_modules/.vite/deps/react-dom_client.js?v=b9d000b9:11040:29)
    at recursivelyTraversePassiveMountEffects (http://localhost:5173/@fs/Users/jonas/git/context-ai/node_modules/.vite/deps/react-dom_client.js?v=b9d000b9:11010:13)
    at commitPassiveMountOnFiber (http://localhost:5173/@fs/Users/jonas/git/context-ai/node_modules/.vite/deps/react-dom_client.js?v=b9d000b9:11201:13)
    at recursivelyTraversePassiveMountEffects (http://localhost:5173/@fs/Users/jonas/git/context-ai/node_modules/.vite/deps/react-dom_client.js?v=b9d000b9:11010:13)
    at commitPassiveMountOnFiber (http://localhost:5173/@fs/Users/jonas/git/context-ai/node_modules/.vite/deps/react-dom_client.js?v=b9d000b9:11066:13)
[     283ms] [WARNING] %s

%s
 An error occurred in the <SettingsApp> component. Consider adding an error boundary to your tree to customize error handling behavior.
Visit https://react.dev/link/error-boundaries to learn more about error boundaries. @ http://localhost:5173/@fs/Users/jonas/git/context-ai/node_modules/.vite/deps/react-dom_client.js?v=b9d000b9:6965
[     292ms] TypeError: Cannot read properties of undefined (reading 'getSettings')
    at http://localhost:5173/settings/src/hooks/useSettings.ts:7:24
    at Object.react_stack_bottom_frame (http://localhost:5173/@fs/Users/jonas/git/context-ai/node_modules/.vite/deps/react-dom_client.js?v=b9d000b9:18567:20)
    at runWithFiberInDEV (http://localhost:5173/@fs/Users/jonas/git/context-ai/node_modules/.vite/deps/react-dom_client.js?v=b9d000b9:997:72)
    at commitHookEffectListMount (http://localhost:5173/@fs/Users/jonas/git/context-ai/node_modules/.vite/deps/react-dom_client.js?v=b9d000b9:9411:163)
    at commitHookPassiveMountEffects (http://localhost:5173/@fs/Users/jonas/git/context-ai/node_modules/.vite/deps/react-dom_client.js?v=b9d000b9:9465:60)
    at reconnectPassiveEffects (http://localhost:5173/@fs/Users/jonas/git/context-ai/node_modules/.vite/deps/react-dom_client.js?v=b9d000b9:11273:13)
    at recursivelyTraverseReconnectPassiveEffects (http://localhost:5173/@fs/Users/jonas/git/context-ai/node_modules/.vite/deps/react-dom_client.js?v=b9d000b9:11240:11)
    at reconnectPassiveEffects (http://localhost:5173/@fs/Users/jonas/git/context-ai/node_modules/.vite/deps/react-dom_client.js?v=b9d000b9:11317:13)
    at doubleInvokeEffectsOnFiber (http://localhost:5173/@fs/Users/jonas/git/context-ai/node_modules/.vite/deps/react-dom_client.js?v=b9d000b9:13339:135)
    at runWithFiberInDEV (http://localhost:5173/@fs/Users/jonas/git/context-ai/node_modules/.vite/deps/react-dom_client.js?v=b9d000b9:997:72)
[     283ms] [WARNING] %s

%s
 An error occurred in the <SettingsApp> component. Consider adding an error boundary to your tree to customize error handling behavior.
Visit https://react.dev/link/error-boundaries to learn more about error boundaries. @ http://localhost:5173/@fs/Users/jonas/git/context-ai/node_modules/.vite/deps/react-dom_client.js?v=b9d000b9:6965
[     289ms] [ERROR] Failed to load resource: the server responded with a status of 404 (Not Found) @ http://localhost:5173/favicon.ico:0
